[debug] [2023-09-04T12:30:54.292Z] ----------------------------------------------------------------------
[debug] [2023-09-04T12:30:54.351Z] Command:       C:\Program Files\nodejs\node.exe C:\Users\HP\AppData\Roaming\npm\node_modules\firebase-tools\lib\bin\firebase.js init
[debug] [2023-09-04T12:30:54.353Z] CLI Version:   12.4.7
[debug] [2023-09-04T12:30:54.355Z] Platform:      win32
[debug] [2023-09-04T12:30:54.356Z] Node Version:  v18.17.0
[debug] [2023-09-04T12:30:54.531Z] Time:          Mon Sep 04 2023 13:30:54 GMT+0100 (West Africa Standard Time)
[debug] [2023-09-04T12:30:54.532Z] ----------------------------------------------------------------------
[debug] 
[debug] [2023-09-04T12:30:54.672Z] > command requires scopes: ["email","openid","https://www.googleapis.com/auth/cloudplatformprojects.readonly","https://www.googleapis.com/auth/firebase","https://www.googleapis.com/auth/cloud-platform"]
[debug] [2023-09-04T12:30:54.675Z] > authorizing via signed-in user (adeyemiawosemo@gmail.com)
[info] 
     ######## #### ########  ######## ########     ###     ######  ########
     ##        ##  ##     ## ##       ##     ##  ##   ##  ##       ##
     ######    ##  ########  ######   ########  #########  ######  ######
     ##        ##  ##    ##  ##       ##     ## ##     ##       ## ##
     ##       #### ##     ## ######## ########  ##     ##  ######  ########

You're about to initialize a Firebase project in this directory:

  C:\Users\HP\Desktop\JavaProject\knot

[info] 
=== Project Setup
[info] 
[info] First, let's associate this project directory with a Firebase project.
[info] You can create multiple project aliases by running firebase use --add, 
[info] but for now we'll just set up a default project.
[info] 
[debug] [2023-09-04T12:31:43.877Z] >>> [apiv2][query] GET https://firebase.googleapis.com/v1beta1/projects pageSize=100
[debug] [2023-09-04T12:31:46.250Z] <<< [apiv2][status] GET https://firebase.googleapis.com/v1beta1/projects 200
[debug] [2023-09-04T12:31:46.251Z] <<< [apiv2][body] GET https://firebase.googleapis.com/v1beta1/projects [omitted]
[info] i  Using project kahoot-project-d09b7 (kahoot-project) 
[info] 
=== Hosting Setup
[info] 
[info] Your public directory is the folder (relative to your project directory) that
[info] will contain Hosting assets to be uploaded with firebase deploy. If you
[info] have a build process for your assets, use your build's output directory.
[info] 
